<?xml version="1.0" encoding="UTF-8" ?>
<testsuite failures="1" time="1.6" errors="0" skipped="0" tests="1" name="com.duke.nurseryschool.test.TestHibernate">
  <properties>
[...]
</properties>
  <testcase time="1.6" classname="com.duke.nurseryschool.test.TestHibernate" name="test">
    <failure message="expected:&lt;1&gt; but was:&lt;2&gt;" type="java.lang.AssertionError">java.lang.AssertionError: expected:&lt;1&gt; but was:&lt;2&gt;
	at org.junit.Assert.fail(Assert.java:88)
	at org.junit.Assert.failNotEquals(Assert.java:743)
	at org.junit.Assert.assertEquals(Assert.java:118)
	at org.junit.Assert.assertEquals(Assert.java:555)
	at org.junit.Assert.assertEquals(Assert.java:542)
	at com.duke.nurseryschool.test.TestHibernate.test(TestHibernate.java:107)
	at sun.reflect.NativeMethodAccessorImpl.invoke0(Native Method)
	at sun.reflect.NativeMethodAccessorImpl.invoke(Unknown Source)
	at sun.reflect.DelegatingMethodAccessorImpl.invoke(Unknown Source)
	at java.lang.reflect.Method.invoke(Unknown Source)
	at org.junit.runners.model.FrameworkMethod$1.runReflectiveCall(FrameworkMethod.java:47)
	at org.junit.internal.runners.model.ReflectiveCallable.run(ReflectiveCallable.java:12)
	at org.junit.runners.model.FrameworkMethod.invokeExplosively(FrameworkMethod.java:44)
	at org.junit.internal.runners.statements.InvokeMethod.evaluate(InvokeMethod.java:17)
	at org.junit.internal.runners.statements.RunBefores.evaluate(RunBefores.java:26)
	at org.junit.internal.runners.statements.RunAfters.evaluate(RunAfters.java:27)
	at org.junit.runners.ParentRunner.runLeaf(ParentRunner.java:271)
	at org.junit.runners.BlockJUnit4ClassRunner.runChild(BlockJUnit4ClassRunner.java:70)
	at org.junit.runners.BlockJUnit4ClassRunner.runChild(BlockJUnit4ClassRunner.java:50)
	at org.junit.runners.ParentRunner$3.run(ParentRunner.java:238)
	at org.junit.runners.ParentRunner$1.schedule(ParentRunner.java:63)
	at org.junit.runners.ParentRunner.runChildren(ParentRunner.java:236)
	at org.junit.runners.ParentRunner.access$000(ParentRunner.java:53)
	at org.junit.runners.ParentRunner$2.evaluate(ParentRunner.java:229)
	at org.junit.runners.ParentRunner.run(ParentRunner.java:309)
	at org.apache.maven.surefire.junit4.JUnit4Provider.execute(JUnit4Provider.java:252)
	at org.apache.maven.surefire.junit4.JUnit4Provider.executeTestSet(JUnit4Provider.java:141)
	at org.apache.maven.surefire.junit4.JUnit4Provider.invoke(JUnit4Provider.java:112)
	at sun.reflect.NativeMethodAccessorImpl.invoke0(Native Method)
	at sun.reflect.NativeMethodAccessorImpl.invoke(Unknown Source)
	at sun.reflect.DelegatingMethodAccessorImpl.invoke(Unknown Source)
	at java.lang.reflect.Method.invoke(Unknown Source)
	at org.apache.maven.surefire.util.ReflectionUtils.invokeMethodWithArray(ReflectionUtils.java:189)
	at org.apache.maven.surefire.booter.ProviderFactory$ProviderProxy.invoke(ProviderFactory.java:165)
	at org.apache.maven.surefire.booter.ProviderFactory.invokeProvider(ProviderFactory.java:85)
	at org.apache.maven.surefire.booter.ForkedBooter.runSuitesInProcess(ForkedBooter.java:115)
	at org.apache.maven.surefire.booter.ForkedBooter.main(ForkedBooter.java:75)
</failure>
    <system-out>2014-03-01 20:22:28 INFO  Version:37 - Hibernate Commons Annotations 3.2.0.Final
2014-03-01 20:22:28 INFO  Environment:593 - Hibernate 3.6.3.Final
2014-03-01 20:22:28 INFO  Environment:626 - hibernate.properties not found
2014-03-01 20:22:28 INFO  Environment:804 - Bytecode provider name : javassist
2014-03-01 20:22:28 INFO  Environment:685 - using JDK 1.4 java.sql.Timestamp handling
2014-03-01 20:22:28 INFO  AnnotationBinder:532 - Binding entity from annotated class: com.duke.nurseryschool.hibernate.bean.Classes
2014-03-01 20:22:28 INFO  EntityBinder:530 - Bind entity com.duke.nurseryschool.hibernate.bean.Classes on table class
2014-03-01 20:22:28 INFO  AnnotationBinder:532 - Binding entity from annotated class: com.duke.nurseryschool.hibernate.bean.Course
2014-03-01 20:22:28 INFO  EntityBinder:530 - Bind entity com.duke.nurseryschool.hibernate.bean.Course on table course
2014-03-01 20:22:28 INFO  AnnotationBinder:532 - Binding entity from annotated class: com.duke.nurseryschool.hibernate.bean.Fee
2014-03-01 20:22:28 INFO  EntityBinder:530 - Bind entity com.duke.nurseryschool.hibernate.bean.Fee on table fee
2014-03-01 20:22:28 INFO  AnnotationBinder:532 - Binding entity from annotated class: com.duke.nurseryschool.hibernate.bean.FeeGroup
2014-03-01 20:22:28 INFO  EntityBinder:530 - Bind entity com.duke.nurseryschool.hibernate.bean.FeeGroup on table fee_group
2014-03-01 20:22:28 INFO  AnnotationBinder:532 - Binding entity from annotated class: com.duke.nurseryschool.hibernate.bean.FeeMap
2014-03-01 20:22:28 INFO  EntityBinder:530 - Bind entity com.duke.nurseryschool.hibernate.bean.FeeMap on table fee_map
2014-03-01 20:22:28 INFO  AnnotationBinder:532 - Binding entity from annotated class: com.duke.nurseryschool.hibernate.bean.FeePolicy
2014-03-01 20:22:28 INFO  EntityBinder:530 - Bind entity com.duke.nurseryschool.hibernate.bean.FeePolicy on table fee_policy
2014-03-01 20:22:28 INFO  AnnotationBinder:532 - Binding entity from annotated class: com.duke.nurseryschool.hibernate.bean.Month
2014-03-01 20:22:28 INFO  EntityBinder:530 - Bind entity com.duke.nurseryschool.hibernate.bean.Month on table month
2014-03-01 20:22:28 INFO  AnnotationBinder:532 - Binding entity from annotated class: com.duke.nurseryschool.hibernate.bean.Parent
2014-03-01 20:22:28 INFO  EntityBinder:530 - Bind entity com.duke.nurseryschool.hibernate.bean.Parent on table parent
2014-03-01 20:22:28 INFO  AnnotationBinder:532 - Binding entity from annotated class: com.duke.nurseryschool.hibernate.bean.Payment
2014-03-01 20:22:28 INFO  EntityBinder:530 - Bind entity com.duke.nurseryschool.hibernate.bean.Payment on table payment
2014-03-01 20:22:28 INFO  AnnotationBinder:532 - Binding entity from annotated class: com.duke.nurseryschool.hibernate.bean.Student
2014-03-01 20:22:28 INFO  EntityBinder:530 - Bind entity com.duke.nurseryschool.hibernate.bean.Student on table student
2014-03-01 20:22:28 INFO  AnnotationBinder:532 - Binding entity from annotated class: com.duke.nurseryschool.hibernate.bean.AlternativeFeeMap
2014-03-01 20:22:28 INFO  EntityBinder:530 - Bind entity com.duke.nurseryschool.hibernate.bean.AlternativeFeeMap on table alternative_fee_map
2014-03-01 20:22:28 INFO  CollectionBinder:762 - Mapping collection: com.duke.nurseryschool.hibernate.bean.Classes.feePolicies -&gt; fee_policy
2014-03-01 20:22:28 INFO  CollectionBinder:762 - Mapping collection: com.duke.nurseryschool.hibernate.bean.Classes.students -&gt; student
2014-03-01 20:22:28 INFO  CollectionBinder:762 - Mapping collection: com.duke.nurseryschool.hibernate.bean.Course.classes -&gt; class
2014-03-01 20:22:28 INFO  CollectionBinder:762 - Mapping collection: com.duke.nurseryschool.hibernate.bean.Fee.alternativeFeeMaps -&gt; alternative_fee_map
2014-03-01 20:22:28 INFO  CollectionBinder:762 - Mapping collection: com.duke.nurseryschool.hibernate.bean.Fee.feeMaps -&gt; fee_map
2014-03-01 20:22:28 INFO  CollectionBinder:762 - Mapping collection: com.duke.nurseryschool.hibernate.bean.FeeGroup.fees -&gt; fee
2014-03-01 20:22:28 INFO  CollectionBinder:762 - Mapping collection: com.duke.nurseryschool.hibernate.bean.FeePolicy.feeMaps -&gt; fee_map
2014-03-01 20:22:28 INFO  CollectionBinder:762 - Mapping collection: com.duke.nurseryschool.hibernate.bean.FeePolicy.payments -&gt; payment
2014-03-01 20:22:28 INFO  CollectionBinder:762 - Mapping collection: com.duke.nurseryschool.hibernate.bean.Month.feePolicies -&gt; fee_policy
2014-03-01 20:22:28 INFO  CollectionBinder:762 - Mapping collection: com.duke.nurseryschool.hibernate.bean.Payment.alternativeFeeMaps -&gt; alternative_fee_map
2014-03-01 20:22:28 INFO  CollectionBinder:762 - Mapping collection: com.duke.nurseryschool.hibernate.bean.Student.payments -&gt; payment
2014-03-01 20:22:28 INFO  Configuration:1649 - Hibernate Validator not found: ignoring
2014-03-01 20:22:29 INFO  Version:24 - Hibernate Validator 4.2.0.Final
2014-03-01 20:22:29 INFO  HibernateSearchEventListenerRegister:75 - Unable to find org.hibernate.search.event.FullTextIndexEventListener on the classpath. Hibernate Search is not enabled.
2014-03-01 20:22:29 WARN  RootClass:253 - composite-id class does not override equals(): com.duke.nurseryschool.hibernate.bean.embedded.PaymentFee
2014-03-01 20:22:29 WARN  RootClass:258 - composite-id class does not override hashCode(): com.duke.nurseryschool.hibernate.bean.embedded.PaymentFee
2014-03-01 20:22:29 WARN  RootClass:253 - composite-id class does not override equals(): com.duke.nurseryschool.hibernate.bean.embedded.FeePolicyFee
2014-03-01 20:22:29 WARN  RootClass:258 - composite-id class does not override hashCode(): com.duke.nurseryschool.hibernate.bean.embedded.FeePolicyFee
2014-03-01 20:22:29 INFO  DriverManagerConnectionProvider:64 - Using Hibernate built-in connection pool (not for production use!)
2014-03-01 20:22:29 INFO  DriverManagerConnectionProvider:65 - Hibernate connection pool size: 20
2014-03-01 20:22:29 INFO  DriverManagerConnectionProvider:68 - autocommit mode: false
2014-03-01 20:22:29 INFO  DriverManagerConnectionProvider:103 - using driver: org.h2.Driver at URL: jdbc:h2:mem:testDB
2014-03-01 20:22:29 INFO  DriverManagerConnectionProvider:109 - connection properties: {}
2014-03-01 20:22:29 INFO  Dialect:135 - Using dialect: org.hibernate.dialect.H2Dialect
2014-03-01 20:22:29 INFO  SettingsFactory:126 - Database -&gt;
       name : H2
    version : 1.3.175 (2014-01-18)
      major : 1
      minor : 3
2014-03-01 20:22:29 INFO  SettingsFactory:132 - Driver -&gt;
       name : H2 JDBC Driver
    version : 1.3.175 (2014-01-18)
      major : 1
      minor : 3
2014-03-01 20:22:29 INFO  TransactionFactoryFactory:59 - Using default transaction strategy (direct JDBC transactions)
2014-03-01 20:22:29 INFO  TransactionManagerLookupFactory:80 - No TransactionManagerLookup configured (in JTA environment, use of read-write or transactional second-level cache is not recommended)
2014-03-01 20:22:29 INFO  SettingsFactory:179 - Automatic flush during beforeCompletion(): disabled
2014-03-01 20:22:29 INFO  SettingsFactory:183 - Automatic session close at end of transaction: disabled
2014-03-01 20:22:29 INFO  SettingsFactory:190 - JDBC batch size: 15
2014-03-01 20:22:29 INFO  SettingsFactory:193 - JDBC batch updates for versioned data: disabled
2014-03-01 20:22:29 INFO  SettingsFactory:198 - Scrollable result sets: enabled
2014-03-01 20:22:29 INFO  SettingsFactory:206 - JDBC3 getGeneratedKeys(): enabled
2014-03-01 20:22:29 INFO  SettingsFactory:214 - Connection release mode: auto
2014-03-01 20:22:29 INFO  SettingsFactory:241 - Default batch fetch size: 1
2014-03-01 20:22:29 INFO  SettingsFactory:245 - Generate SQL with comments: disabled
2014-03-01 20:22:29 INFO  SettingsFactory:249 - Order SQL updates by primary key: disabled
2014-03-01 20:22:29 INFO  SettingsFactory:253 - Order SQL inserts for batching: disabled
2014-03-01 20:22:29 INFO  SettingsFactory:431 - Query translator: org.hibernate.hql.ast.ASTQueryTranslatorFactory
2014-03-01 20:22:29 INFO  ASTQueryTranslatorFactory:47 - Using ASTQueryTranslatorFactory
2014-03-01 20:22:29 INFO  SettingsFactory:261 - Query language substitutions: {}
2014-03-01 20:22:29 INFO  SettingsFactory:266 - JPA-QL strict compliance: disabled
2014-03-01 20:22:29 INFO  SettingsFactory:271 - Second-level cache: enabled
2014-03-01 20:22:29 INFO  SettingsFactory:275 - Query cache: disabled
2014-03-01 20:22:29 INFO  SettingsFactory:406 - Cache region factory : org.hibernate.cache.impl.NoCachingRegionFactory
2014-03-01 20:22:29 INFO  SettingsFactory:285 - Optimize cache for minimal puts: disabled
2014-03-01 20:22:29 INFO  SettingsFactory:294 - Structured second-level cache entries: disabled
2014-03-01 20:22:29 INFO  SettingsFactory:323 - Statistics: disabled
2014-03-01 20:22:29 INFO  SettingsFactory:327 - Deleted entity synthetic identifier rollback: disabled
2014-03-01 20:22:29 INFO  SettingsFactory:343 - Default entity-mode: pojo
2014-03-01 20:22:29 INFO  SettingsFactory:347 - Named query checking : enabled
2014-03-01 20:22:29 INFO  SettingsFactory:351 - Check Nullability in Core (should be disabled when Bean Validation is on): disabled
2014-03-01 20:22:29 INFO  SessionFactoryImpl:202 - building session factory
2014-03-01 20:22:29 INFO  BasicTypeRegistry:150 - Type registration [materialized_clob] overrides previous : org.hibernate.type.MaterializedClobType@6811935e
2014-03-01 20:22:29 INFO  BasicTypeRegistry:150 - Type registration [clob] overrides previous : org.hibernate.type.ClobType@12336738
2014-03-01 20:22:29 INFO  BasicTypeRegistry:150 - Type registration [java.sql.Clob] overrides previous : org.hibernate.type.ClobType@12336738
2014-03-01 20:22:29 INFO  BasicTypeRegistry:150 - Type registration [blob] overrides previous : org.hibernate.type.BlobType@4db4c9f3
2014-03-01 20:22:29 INFO  BasicTypeRegistry:150 - Type registration [java.sql.Blob] overrides previous : org.hibernate.type.BlobType@4db4c9f3
2014-03-01 20:22:29 INFO  BasicTypeRegistry:150 - Type registration [characters_clob] overrides previous : org.hibernate.type.PrimitiveCharacterArrayClobType@d5a8bd9
2014-03-01 20:22:29 INFO  BasicTypeRegistry:150 - Type registration [wrapper_materialized_blob] overrides previous : org.hibernate.type.WrappedMaterializedBlobType@f147c4c
2014-03-01 20:22:29 INFO  BasicTypeRegistry:150 - Type registration [wrapper_characters_clob] overrides previous : org.hibernate.type.CharacterArrayClobType@7ff60846
2014-03-01 20:22:29 INFO  BasicTypeRegistry:150 - Type registration [materialized_blob] overrides previous : org.hibernate.type.MaterializedBlobType@fd69131
2014-03-01 20:22:29 INFO  SessionFactoryObjectFactory:105 - Not binding factory to JNDI, no JNDI name configured
2014-03-01 20:22:29 INFO  SchemaUpdate:155 - Running hbm2ddl schema update
2014-03-01 20:22:29 INFO  SchemaUpdate:167 - fetching database metadata
2014-03-01 20:22:29 INFO  SchemaUpdate:179 - updating schema
2014-03-01 20:22:29 INFO  DatabaseMetadata:119 - table not found: alternative_fee_map
2014-03-01 20:22:29 INFO  DatabaseMetadata:119 - table not found: class
2014-03-01 20:22:29 INFO  DatabaseMetadata:119 - table not found: course
2014-03-01 20:22:29 INFO  DatabaseMetadata:119 - table not found: fee
2014-03-01 20:22:29 INFO  DatabaseMetadata:119 - table not found: fee_group
2014-03-01 20:22:29 INFO  DatabaseMetadata:119 - table not found: fee_map
2014-03-01 20:22:29 INFO  DatabaseMetadata:119 - table not found: fee_policy
2014-03-01 20:22:29 INFO  DatabaseMetadata:119 - table not found: month
2014-03-01 20:22:29 INFO  DatabaseMetadata:119 - table not found: parent
2014-03-01 20:22:29 INFO  DatabaseMetadata:119 - table not found: parent_student_map
2014-03-01 20:22:29 INFO  DatabaseMetadata:119 - table not found: payment
2014-03-01 20:22:29 INFO  DatabaseMetadata:119 - table not found: student
2014-03-01 20:22:29 INFO  DatabaseMetadata:119 - table not found: alternative_fee_map
2014-03-01 20:22:29 INFO  DatabaseMetadata:119 - table not found: class
2014-03-01 20:22:29 INFO  DatabaseMetadata:119 - table not found: course
2014-03-01 20:22:29 INFO  DatabaseMetadata:119 - table not found: fee
2014-03-01 20:22:29 INFO  DatabaseMetadata:119 - table not found: fee_group
2014-03-01 20:22:29 INFO  DatabaseMetadata:119 - table not found: fee_map
2014-03-01 20:22:29 INFO  DatabaseMetadata:119 - table not found: fee_policy
2014-03-01 20:22:29 INFO  DatabaseMetadata:119 - table not found: month
2014-03-01 20:22:29 INFO  DatabaseMetadata:119 - table not found: parent
2014-03-01 20:22:29 INFO  DatabaseMetadata:119 - table not found: parent_student_map
2014-03-01 20:22:29 INFO  DatabaseMetadata:119 - table not found: payment
2014-03-01 20:22:29 INFO  DatabaseMetadata:119 - table not found: student
2014-03-01 20:22:29 INFO  SchemaUpdate:217 - schema update complete
</system-out>
  </testcase>
</testsuite>